00000000 User     2020-06-10 07:44:13.552  1643  1643 "list disks: Creating PIPE program process : 'lsblk -o TYPE,MAJ:MIN --pairs' - hasinput=0, hasoutput=1 stderrbufsize=8192"
00000001 User     2020-06-10 07:44:13.564  1643  1643 "list disks: Pipe: process 1645 complete 0"
00000002 Prog.    2020-06-10 07:44:13.566  1643  1643 "Loading library /opt/HPCCSystems/plugins/R.ecllib"
00000003 Prog.    2020-06-10 07:44:13.566  1643  1643 "Loading library /opt/HPCCSystems/plugins/cassandra.ecllib"
00000004 Prog.    2020-06-10 07:44:13.566  1643  1643 "Loading library /opt/HPCCSystems/plugins/couchbase.ecllib"
00000005 Prog.    2020-06-10 07:44:13.566  1643  1643 "Loading library /opt/HPCCSystems/plugins/java.ecllib"
00000006 Prog.    2020-06-10 07:44:13.566  1643  1643 "Loading library /opt/HPCCSystems/plugins/javascript.ecllib"
00000007 Prog.    2020-06-10 07:44:13.566  1643  1643 "Loading library /opt/HPCCSystems/plugins/kafka.ecllib"
00000008 Prog.    2020-06-10 07:44:13.566  1643  1643 "Loading library /opt/HPCCSystems/plugins/lib_cryptolib.ecllib"
00000009 Prog.    2020-06-10 07:44:13.566  1643  1643 "Loading library /opt/HPCCSystems/plugins/lib_eclblas.ecllib"
0000000A Prog.    2020-06-10 07:44:13.566  1643  1643 "Loading library /opt/HPCCSystems/plugins/lib_exampleplugin.ecllib"
0000000B Prog.    2020-06-10 07:44:13.566  1643  1643 "Loading library /opt/HPCCSystems/plugins/lib_h3.ecllib"
0000000C Prog.    2020-06-10 07:44:13.566  1643  1643 "Loading library /opt/HPCCSystems/plugins/lib_keylib.ecllib"
0000000D Prog.    2020-06-10 07:44:13.566  1643  1643 "Loading library /opt/HPCCSystems/plugins/lib_memcached.ecllib"
0000000E Prog.    2020-06-10 07:44:13.566  1643  1643 "Loading library /opt/HPCCSystems/plugins/lib_metaphone.ecllib"
0000000F Prog.    2020-06-10 07:44:13.566  1643  1643 "Loading library /opt/HPCCSystems/plugins/lib_redis.ecllib"
00000010 Prog.    2020-06-10 07:44:13.567  1643  1643 "Loading library /opt/HPCCSystems/plugins/lib_saltlib.ecllib"
00000011 Prog.    2020-06-10 07:44:13.567  1643  1643 "Loading library /opt/HPCCSystems/plugins/lib_thorlib.ecllib"
00000012 Prog.    2020-06-10 07:44:13.567  1643  1643 "Loading library /opt/HPCCSystems/plugins/lib_word.ecllib"
00000013 Prog.    2020-06-10 07:44:13.567  1643  1643 "Loading plugin /opt/HPCCSystems/plugins/libauditlib.so[lib_auditlib] version = AUDITLIB 1.0.1"
00000014 Prog.    2020-06-10 07:44:13.573  1643  1643 "Plugin /opt/HPCCSystems/plugins/libcassandraembed.so exports getECLPluginDefinition but does not export ECL - not loading"
00000015 Prog.    2020-06-10 07:44:13.574  1643  1643 "Plugin /opt/HPCCSystems/plugins/libcryptolib.so exports getECLPluginDefinition but does not export ECL - not loading"
00000016 Prog.    2020-06-10 07:44:13.574  1643  1643 "Loading plugin /opt/HPCCSystems/plugins/libdebugservices.so[lib_debugservices] version = DEBUGSERVICES 1.0.1"
00000017 Prog.    2020-06-10 07:44:13.575  1643  1643 "Plugin /opt/HPCCSystems/plugins/libdmetaphone.so exports getECLPluginDefinition but does not export ECL - not loading"
00000018 Prog.    2020-06-10 07:44:13.601  1643  1643 "Loading plugin /opt/HPCCSystems/plugins/libfileservices.so[lib_fileservices] version = FILESERVICES 2.1.4"
00000019 Prog.    2020-06-10 07:44:13.602  1643  1643 "Plugin /opt/HPCCSystems/plugins/libh3.so exports getECLPluginDefinition but does not export ECL - not loading"
0000001A Prog.    2020-06-10 07:44:13.603  1643  1643 "Loading plugin /opt/HPCCSystems/plugins/liblogging.so[lib_logging] version = LOGGING 1.0.1"
0000001B Prog.    2020-06-10 07:44:13.603  1643  1643 "Loading plugin /opt/HPCCSystems/plugins/libparselib.so[lib_parselib] version = PARSELIB 1.0.1"
0000001C Prog.    2020-06-10 07:44:13.604  1643  1643 "Loading plugin /opt/HPCCSystems/plugins/libstringlib.so[lib_stringlib] version = STRINGLIB 1.1.14"
0000001D Prog.    2020-06-10 07:44:13.605  1643  1643 "Loading plugin /opt/HPCCSystems/plugins/libtimelib.so[lib_timelib] version = TIMELIB 1.0.0"
0000001E Prog.    2020-06-10 07:44:13.606  1643  1643 "Loading plugin /opt/HPCCSystems/plugins/libunicodelib.so[lib_unicodelib] version = UNICODELIB 1.1.06"
0000001F Prog.    2020-06-10 07:44:13.607  1643  1643 "Loading plugin /opt/HPCCSystems/plugins/libworkunitservices.so[lib_WORKUNITSERVICES] version = WORKUNITSERVICES 1.0.2"
00000020 Prog.    2020-06-10 07:44:13.607  1643  1643 "Loading library /opt/HPCCSystems/plugins/mysql.ecllib"
00000021 Prog.    2020-06-10 07:44:13.607  1643  1643 "Loading library /opt/HPCCSystems/plugins/python.ecllib"
00000022 Prog.    2020-06-10 07:44:13.607  1643  1643 "Loading library /opt/HPCCSystems/plugins/python3.ecllib"
00000023 Prog.    2020-06-10 07:44:13.607  1643  1643 "Loading library /opt/HPCCSystems/plugins/sqlite3.ecllib"
00000024 Prog.    2020-06-10 07:44:13.607  1643  1643 "Loading library /opt/HPCCSystems/plugins/sqs.ecllib"
00000025 Prog.    2020-06-10 07:44:13.650  1643  1643 "Plugin /opt/HPCCSystems/versioned/python3/libpy3embed.so exports getECLPluginDefinition but does not export ECL - not loading"
00000026 User     2020-06-10 07:44:13.651  1643  1643 "WARNING: Duplicate module found at /root/dbscan_master_new_approach/./Bundle.ecl"
00000027 User     2020-06-10 07:44:13.651  1643  1643 "WARNING: Duplicate module found at /root/dbscan_master_new_approach/./DBSCAN.ecl"
00000028 User     2020-06-10 07:44:13.651  1643  1643 "WARNING: Duplicate module found at /root/dbscan_master_new_approach/./DBSCAN_Types.ecl"
00000029 User     2020-06-10 07:44:13.651  1643  1643 "WARNING: Duplicate module found at /root/dbscan_master_new_approach/./internal"
0000002A User     2020-06-10 07:44:13.651  1643  1643 "WARNING: Duplicate module found at /root/dbscan_master_new_approach/./tests"
0000002B User     2020-06-10 07:44:13.652  1643  1643 "WARNING: Cannot create archive from cache for tests.GridSearch because it is not up to date"
